112.10.15 12:17 B C:\Projects\Boost Candidates\website\advice.html --> ftp.rrsd.com /public_html/blincubator.com advice.html
112.10.15 12:17 B C:\Projects\Boost Candidates\website\boost_candidate.css --> ftp.rrsd.com /public_html/blincubator.com boost_candidate.css
112.10.15 12:17 B C:\Projects\Boost Candidates\website\catalog.xml --> ftp.rrsd.com /public_html/blincubator.com catalog.xml
112.10.15 12:17 B C:\Projects\Boost Candidates\website\concept.html --> ftp.rrsd.com /public_html/blincubator.com concept.html
112.10.15 12:17 B C:\Projects\Boost Candidates\website\detail_page.css --> ftp.rrsd.com /public_html/blincubator.com detail_page.css
112.10.15 12:17 B C:\Projects\Boost Candidates\website\docbook.css --> ftp.rrsd.com /public_html/blincubator.com docbook.css
112.10.15 12:17 B C:\Projects\Boost Candidates\website\documentation.html --> ftp.rrsd.com /public_html/blincubator.com documentation.html
112.10.15 12:17 B C:\Projects\Boost Candidates\website\function.html --> ftp.rrsd.com /public_html/blincubator.com function.html
112.10.15 12:17 B C:\Projects\Boost Candidates\website\introduction.html --> ftp.rrsd.com /public_html/blincubator.com introduction.html
112.10.15 12:17 B C:\Projects\Boost Candidates\website\kempf.html --> ftp.rrsd.com /public_html/blincubator.com kempf.html
112.10.15 12:17 B C:\Projects\Boost Candidates\website\library.html --> ftp.rrsd.com /public_html/blincubator.com library.html
112.10.15 12:17 B C:\Projects\Boost Candidates\website\license.txt --> ftp.rrsd.com /public_html/blincubator.com license.txt
112.10.15 12:17 B C:\Projects\Boost Candidates\website\requirements.html --> ftp.rrsd.com /public_html/blincubator.com requirements.html
112.10.15 12:17 B C:\Projects\Boost Candidates\website\requirements_build.html --> ftp.rrsd.com /public_html/blincubator.com requirements_build.html
112.10.15 12:17 B C:\Projects\Boost Candidates\website\requirements_deployment.html --> ftp.rrsd.com /public_html/blincubator.com requirements_deployment.html
112.10.15 12:17 B C:\Projects\Boost Candidates\website\requirements_directory_structure.html --> ftp.rrsd.com /public_html/blincubator.com requirements_directory_structure.html
112.10.15 12:17 B C:\Projects\Boost Candidates\website\requirements_documentation.html --> ftp.rrsd.com /public_html/blincubator.com requirements_documentation.html
112.10.15 12:17 B C:\Projects\Boost Candidates\website\requirements_license.html --> ftp.rrsd.com /public_html/blincubator.com requirements_license.html
112.10.15 12:17 B C:\Projects\Boost Candidates\website\requirements_test.html --> ftp.rrsd.com /public_html/blincubator.com requirements_test.html
112.10.15 12:17 B C:\Projects\Boost Candidates\website\simple_tools.html --> ftp.rrsd.com /public_html/blincubator.com simple_tools.html
112.10.15 12:17 B C:\Projects\Boost Candidates\website\tools_build_and_test.html --> ftp.rrsd.com /public_html/blincubator.com tools_build_and_test.html
112.10.15 12:17 B C:\Projects\Boost Candidates\website\tools_documentation.html --> ftp.rrsd.com /public_html/blincubator.com tools_documentation.html
112.10.15 12:17 B C:\Projects\Boost Candidates\website\type.html --> ftp.rrsd.com /public_html/blincubator.com type.html
112.10.15 14:32 B C:\Projects\Boost Candidates\website\introduction.html --> ftp.rrsd.com /public_html/blincubator.com introduction.html
112.10.15 14:33 B C:\Projects\Boost Candidates\website\advice.html --> ftp.rrsd.com /public_html/blincubator.com advice.html
112.10.16 12:45 B C:\Projects\Boost Candidates\website\concept.html --> ftp.rrsd.com /public_html/blincubator.com concept.html
112.10.16 15:33 B C:\Projects\Boost Candidates\website\tools_documentation.html --> ftp.rrsd.com /public_html/blincubator.com tools_documentation.html
112.10.17 17:19 B C:\Projects\Boost Candidates\website\library.html --> ftp.rrsd.com /public_html/blincubator.com library.html
112.10.17 17:19 B C:\Projects\Boost Candidates\website\type.html --> ftp.rrsd.com /public_html/blincubator.com type.html
112.10.17 17:21 B C:\Projects\Boost Candidates\website\type.html --> ftp.rrsd.com /public_html/blincubator.com type.html
112.10.17 17:22 B C:\Projects\Boost Candidates\website\concept.html --> ftp.rrsd.com /public_html/blincubator.com concept.html
112.10.17 17:31 B c:\projects\boost candidates\website\library.html --> ftp.rrsd.com /public_html/blincubator.com library.html
112.10.17 17:34 B c:\projects\boost candidates\website\type.html --> ftp.rrsd.com /public_html/blincubator.com type.html
112.10.17 17:35 A c:\projects\boost candidates\website\library.html --> ftp.rrsd.com /public_html/blincubator.com library.html
112.10.17 17:36 A c:\projects\boost candidates\website\concept.html --> ftp.rrsd.com /public_html/blincubator.com concept.html
112.10.17 18:03 B C:\Projects\Boost Candidates\website\tools_documentation.html --> ftp.rrsd.com /public_html/blincubator.com tools_documentation.html
112.10.17 18:13 B c:\projects\boost candidates\website\tools_documentation.html --> ftp.rrsd.com /public_html/blincubator.com tools_documentation.html
112.10.17 21:48 B C:\Projects\Boost Candidates\website\concept.html --> ftp.rrsd.com /public_html/blincubator.com concept.html
112.10.17 21:48 B C:\Projects\Boost Candidates\website\function.html --> ftp.rrsd.com /public_html/blincubator.com function.html
112.10.17 21:48 B C:\Projects\Boost Candidates\website\library.html --> ftp.rrsd.com /public_html/blincubator.com library.html
112.10.17 21:48 B C:\Projects\Boost Candidates\website\type.html --> ftp.rrsd.com /public_html/blincubator.com type.html
112.10.17 21:55 B C:\Projects\Boost Candidates\website\requirements_documentation.html --> ftp.rrsd.com /public_html/blincubator.com requirements_documentation.html
112.10.17 21:58 B C:\Projects\Boost Candidates\website\requirements_documentation.html --> ftp.rrsd.com /public_html/blincubator.com requirements_documentation.html
112.10.17 22:01 B C:\Projects\Boost Candidates\website\concept.html --> ftp.rrsd.com /public_html/blincubator.com concept.html
112.10.17 23:20 B C:\Projects\Boost Candidates\website\tools_documentation.html --> ftp.rrsd.com /public_html/blincubator.com tools_documentation.html
112.10.17 23:22 B C:\Projects\Boost Candidates\website\introduction.html --> ftp.rrsd.com /public_html/blincubator.com introduction.html
112.10.29 15:14 B C:\Projects\Boost Candidates\website\about.html --> ftp.rrsd.com /public_html/blincubator.com about.html
112.10.29 15:14 B C:\Projects\Boost Candidates\website\requirements_deployment.html --> ftp.rrsd.com /public_html/blincubator.com requirements_deployment.html
112.10.29 15:14 B C:\Projects\Boost Candidates\website\simple_tools.html --> ftp.rrsd.com /public_html/blincubator.com simple_tools.html
112.10.29 15:14 B C:\Projects\Boost Candidates\website\tools_deployment.html --> ftp.rrsd.com /public_html/blincubator.com tools_deployment.html
112.11.05 10:46 B C:\Projects\Boost Candidates\website\concept.html --> ftp.rrsd.com /public_html/blincubator.com concept.html
112.11.05 10:46 B C:\Projects\Boost Candidates\website\function.html --> ftp.rrsd.com /public_html/blincubator.com function.html
112.11.05 10:46 B C:\Projects\Boost Candidates\website\type.html --> ftp.rrsd.com /public_html/blincubator.com type.html
112.11.06 15:27 B C:\Projects\Boost Candidates\website\tools_build_and_test.html --> ftp.rrsd.com /public_html/blincubator.com tools_build_and_test.html
112.11.06 21:56 B C:\Projects\Boost Candidates\website\tools_build_and_test.html --> ftp.rrsd.com /public_html/blincubator.bak tools_build_and_test.html
112.11.06 21:57 B C:\Projects\Boost Candidates\website\tools_build_and_test.html --> ftp.rrsd.com /public_html/blincubator.com tools_build_and_test.html
112.11.07 23:12 B C:\Projects\Boost Candidates\website\tools_deployment.html --> ftp.rrsd.com /public_html/blincubator.com tools_deployment.html
113.01.02 17:52 B C:\Projects\Boost Candidates\website\boostbook.zip --> ftp.rrsd.com /public_html/blincubator.com boostbook.zip
113.01.04 21:48 B C:\Projects\Boost Candidates\website\tools_documentation.html --> ftp.rrsd.com /public_html/blincubator.com tools_documentation.html
113.01.04 21:49 B C:\Projects\Boost Candidates\website\about.html --> ftp.rrsd.com /public_html/blincubator.com about.html
113.02.05 22:54 B C:\Projects\Boost Candidates\website\tools_documentation.html --> ftp.rrsd.com /public_html/blincubator.com tools_documentation.html
113.02.06 14:09 B C:\Projects\Boost Candidates\website\boostbook.zip --> ftp.rrsd.com /public_html/blincubator.com boostbook.zip
113.02.07 11:58 B C:\Projects\Boost Candidates\website\boostbook.zip --> ftp.rrsd.com /public_html/blincubator.com boostbook.zip
113.08.19 16:06 B Z:\Projects\BLincubator\website\advice.html --> ftp.rrsd.com /public_html/blincubator.com advice.html
113.08.19 16:06 B Z:\Projects\BLincubator\website\advice_components.html --> ftp.rrsd.com /public_html/blincubator.com advice_components.html
113.08.19 16:06 B Z:\Projects\BLincubator\website\advice_concepts.html --> ftp.rrsd.com /public_html/blincubator.com advice_concepts.html
113.08.19 16:06 B Z:\Projects\BLincubator\website\advice_concurrent.html --> ftp.rrsd.com /public_html/blincubator.com advice_concurrent.html
113.08.19 16:06 B Z:\Projects\BLincubator\website\advice_notes.html --> ftp.rrsd.com /public_html/blincubator.com advice_notes.html
113.08.19 16:07 B Z:\Projects\BLincubator\website\advice_testing.html --> ftp.rrsd.com /public_html/blincubator.com advice_testing.html
113.10.12 13:10 B Z:\Projects\BLincubator\website\about.html --> ftp.rrsd.com /public_html/blincubator.com about.html
113.10.12 13:10 B Z:\Projects\BLincubator\website\advice.html --> ftp.rrsd.com /public_html/blincubator.com advice.html
113.10.12 13:10 B Z:\Projects\BLincubator\website\advice_components.html --> ftp.rrsd.com /public_html/blincubator.com advice_components.html
113.10.12 13:10 B Z:\Projects\BLincubator\website\advice_concepts.html --> ftp.rrsd.com /public_html/blincubator.com advice_concepts.html
113.10.12 13:10 B Z:\Projects\BLincubator\website\advice_concurrent.html --> ftp.rrsd.com /public_html/blincubator.com advice_concurrent.html
113.10.12 13:10 B Z:\Projects\BLincubator\website\advice_notes.html --> ftp.rrsd.com /public_html/blincubator.com advice_notes.html
113.10.12 13:10 B Z:\Projects\BLincubator\website\advice_testing.html --> ftp.rrsd.com /public_html/blincubator.com advice_testing.html
113.10.12 13:10 B Z:\Projects\BLincubator\website\boostbook.zip --> ftp.rrsd.com /public_html/blincubator.com boostbook.zip
113.10.12 13:10 B Z:\Projects\BLincubator\website\catalog.xml --> ftp.rrsd.com /public_html/blincubator.com catalog.xml
113.10.12 13:10 B Z:\Projects\BLincubator\website\concept.html --> ftp.rrsd.com /public_html/blincubator.com concept.html
113.10.12 13:10 B Z:\Projects\BLincubator\website\function.html --> ftp.rrsd.com /public_html/blincubator.com function.html
113.10.12 13:10 B Z:\Projects\BLincubator\website\index.php --> ftp.rrsd.com /public_html/blincubator.com index.php
113.10.12 13:10 B Z:\Projects\BLincubator\website\introduction.html --> ftp.rrsd.com /public_html/blincubator.com introduction.html
113.10.12 13:10 B Z:\Projects\BLincubator\website\Jamroot.jam --> ftp.rrsd.com /public_html/blincubator.com Jamroot.jam
113.10.12 13:10 B Z:\Projects\BLincubator\website\kempf.html --> ftp.rrsd.com /public_html/blincubator.com kempf.html
113.10.12 13:10 B Z:\Projects\BLincubator\website\LargeNewScreenShot.jpg --> ftp.rrsd.com /public_html/blincubator.com LargeNewScreenShot.jpg
113.10.12 13:11 B Z:\Projects\BLincubator\website\LargeXMLMindScreenshot.jpg --> ftp.rrsd.com /public_html/blincubator.com LargeXMLMindScreenshot.jpg
113.10.12 13:11 B Z:\Projects\BLincubator\website\library.html --> ftp.rrsd.com /public_html/blincubator.com library.html
113.10.12 13:11 B Z:\Projects\BLincubator\website\license.txt --> ftp.rrsd.com /public_html/blincubator.com license.txt
113.10.12 13:11 B Z:\Projects\BLincubator\website\logo.jpg --> ftp.rrsd.com /public_html/blincubator.com logo.jpg
113.10.12 13:11 B Z:\Projects\BLincubator\website\logo.png --> ftp.rrsd.com /public_html/blincubator.com logo.png
113.10.12 13:11 B Z:\Projects\BLincubator\website\navigator.js --> ftp.rrsd.com /public_html/blincubator.com navigator.js
113.10.12 13:11 B Z:\Projects\BLincubator\website\NewScreenShot.jpg --> ftp.rrsd.com /public_html/blincubator.com NewScreenShot.jpg
113.10.12 13:11 B Z:\Projects\BLincubator\website\pre-boost.jpg --> ftp.rrsd.com /public_html/blincubator.com pre-boost.jpg
113.10.12 13:11 B Z:\Projects\BLincubator\website\pre-boost.png --> ftp.rrsd.com /public_html/blincubator.com pre-boost.png
113.10.12 13:11 B Z:\Projects\BLincubator\website\requirements.html --> ftp.rrsd.com /public_html/blincubator.com requirements.html
113.10.12 13:11 B Z:\Projects\BLincubator\website\requirements_build.html --> ftp.rrsd.com /public_html/blincubator.com requirements_build.html
113.10.12 13:11 B Z:\Projects\BLincubator\website\requirements_deployment.html --> ftp.rrsd.com /public_html/blincubator.com requirements_deployment.html
113.10.12 13:11 B Z:\Projects\BLincubator\website\requirements_directory_structure.html --> ftp.rrsd.com /public_html/blincubator.com requirements_directory_structure.html
113.10.12 13:11 B Z:\Projects\BLincubator\website\requirements_documentation.html --> ftp.rrsd.com /public_html/blincubator.com requirements_documentation.html
113.10.12 13:11 B Z:\Projects\BLincubator\website\requirements_license.html --> ftp.rrsd.com /public_html/blincubator.com requirements_license.html
113.10.12 13:11 B Z:\Projects\BLincubator\website\requirements_test.html --> ftp.rrsd.com /public_html/blincubator.com requirements_test.html
113.10.12 13:11 B Z:\Projects\BLincubator\website\simple_tools.html --> ftp.rrsd.com /public_html/blincubator.com simple_tools.html
113.10.12 13:11 B Z:\Projects\BLincubator\website\tools_build_and_test.html --> ftp.rrsd.com /public_html/blincubator.com tools_build_and_test.html
113.10.12 13:11 B Z:\Projects\BLincubator\website\tools_deployment.html --> ftp.rrsd.com /public_html/blincubator.com tools_deployment.html
113.10.12 13:11 B Z:\Projects\BLincubator\website\tools_documentation.html --> ftp.rrsd.com /public_html/blincubator.com tools_documentation.html
113.10.12 13:11 B Z:\Projects\BLincubator\website\type.html --> ftp.rrsd.com /public_html/blincubator.com type.html
